# JRE version: OpenJDK Runtime Environment (11.0.8+10) (build 11.0.8+10-b944.6842174)
# Java VM: OpenJDK 64-Bit Server VM (11.0.8+10-b944.6842174, mixed mode, tiered, compressed oops, g1 gc, windows-amd64)
Heap:
 garbage-first heap   total 378880K, used 166070K [0x0000000080000000, 0x0000000100000000)
  region size 1024K, 41 young (41984K), 3 survivors (3072K)
 Metaspace       used 149314K, capacity 152820K, committed 153616K, reserved 1183744K
  class space    used 18186K, capacity 19377K, committed 19704K, reserved 1048576K
GC Heap History (20 events):
Event: 4073.562 GC heap before
{Heap before GC invocations=96 (full 0):
 garbage-first heap   total 378880K, used 229891K [0x0000000080000000, 0x0000000100000000)
  region size 1024K, 18 young (18432K), 4 survivors (4096K)
 Metaspace       used 148416K, capacity 151947K, committed 152208K, reserved 1181696K
  class space    used 18190K, capacity 19455K, committed 19576K, reserved 1048576K
}
Event: 4073.810 GC heap after
{Heap after GC invocations=97 (full 0):
 garbage-first heap   total 378880K, used 182547K [0x0000000080000000, 0x0000000100000000)
  region size 1024K, 3 young (3072K), 3 survivors (3072K)
 Metaspace       used 148416K, capacity 151947K, committed 152208K, reserved 1181696K
  class space    used 18190K, capacity 19455K, committed 19576K, reserved 1048576K
}
Event: 4074.571 GC heap before
{Heap before GC invocations=97 (full 0):
 garbage-first heap   total 378880K, used 196883K [0x0000000080000000, 0x0000000100000000)
  region size 1024K, 18 young (18432K), 3 survivors (3072K)
 Metaspace       used 148419K, capacity 151947K, committed 152208K, reserved 1181696K
  class space    used 18190K, capacity 19455K, committed 19576K, reserved 1048576K
}
Event: 4074.729 GC heap after
{Heap after GC invocations=98 (full 0):
 garbage-first heap   total 378880K, used 173312K [0x0000000080000000, 0x0000000100000000)
  region size 1024K, 1 young (1024K), 1 survivors (1024K)
 Metaspace       used 148419K, capacity 151947K, committed 152208K, reserved 1181696K
  class space    used 18190K, capacity 19455K, committed 19576K, reserved 1048576K
}
Event: 4075.450 GC heap before
{Heap before GC invocations=98 (full 0):
 garbage-first heap   total 378880K, used 189696K [0x0000000080000000, 0x0000000100000000)
  region size 1024K, 18 young (18432K), 1 survivors (1024K)
 Metaspace       used 148437K, capacity 151965K, committed 152208K, reserved 1181696K
  class space    used 18193K, capacity 19460K, committed 19576K, reserved 1048576K
}
Event: 4075.494 GC heap after
{Heap after GC invocations=99 (full 0):
 garbage-first heap   total 378880K, used 171802K [0x0000000080000000, 0x0000000100000000)
  region size 1024K, 1 young (1024K), 1 survivors (1024K)
 Metaspace       used 148437K, capacity 151965K, committed 152208K, reserved 1181696K
  class space    used 18193K, capacity 19460K, committed 19576K, reserved 1048576K
}
Event: 4783.700 GC heap before
{Heap before GC invocations=99 (full 0):
 garbage-first heap   total 378880K, used 249626K [0x0000000080000000, 0x0000000100000000)
  region size 1024K, 78 young (79872K), 1 survivors (1024K)
 Metaspace       used 148539K, capacity 152042K, committed 152208K, reserved 1181696K
  class space    used 18194K, capacity 19462K, committed 19576K, reserved 1048576K
}
Event: 4783.817 GC heap after
{Heap after GC invocations=100 (full 0):
 garbage-first heap   total 378880K, used 172332K [0x0000000080000000, 0x0000000100000000)
  region size 1024K, 2 young (2048K), 2 survivors (2048K)
 Metaspace       used 148539K, capacity 152042K, committed 152208K, reserved 1181696K
  class space    used 18194K, capacity 19462K, committed 19576K, reserved 1048576K
}
Event: 5724.910 GC heap before
{Heap before GC invocations=101 (full 0):
 garbage-first heap   total 378880K, used 215340K [0x0000000080000000, 0x0000000100000000)
  region size 1024K, 87 young (89088K), 2 survivors (2048K)
 Metaspace       used 148748K, capacity 152270K, committed 152464K, reserved 1181696K
  class space    used 18209K, capacity 19489K, committed 19576K, reserved 1048576K
}
Event: 5724.949 GC heap after
{Heap after GC invocations=102 (full 0):
 garbage-first heap   total 378880K, used 134259K [0x0000000080000000, 0x0000000100000000)
  region size 1024K, 7 young (7168K), 7 survivors (7168K)
 Metaspace       used 148748K, capacity 152270K, committed 152464K, reserved 1181696K
  class space    used 18209K, capacity 19489K, committed 19576K, reserved 1048576K
}
Event: 5725.105 GC heap before
{Heap before GC invocations=102 (full 0):
 garbage-first heap   total 378880K, used 144499K [0x0000000080000000, 0x0000000100000000)
  region size 1024K, 18 young (18432K), 7 survivors (7168K)
 Metaspace       used 148751K, capacity 152271K, committed 152464K, reserved 1181696K
  class space    used 18209K, capacity 19489K, committed 19576K, reserved 1048576K
}
Event: 5725.171 GC heap after
{Heap after GC invocations=103 (full 0):
 garbage-first heap   total 378880K, used 123424K [0x0000000080000000, 0x0000000100000000)
  region size 1024K, 1 young (1024K), 1 survivors (1024K)
 Metaspace       used 148751K, capacity 152271K, committed 152464K, reserved 1181696K
  class space    used 18209K, capacity 19489K, committed 19576K, reserved 1048576K
}
Event: 5728.661 GC heap before
{Heap before GC invocations=103 (full 0):
 garbage-first heap   total 378880K, used 186912K [0x0000000080000000, 0x0000000100000000)
  region size 1024K, 64 young (65536K), 1 survivors (1024K)
 Metaspace       used 148819K, capacity 152421K, committed 152720K, reserved 1183744K
  class space    used 18211K, capacity 19494K, committed 19576K, reserved 1048576K
}
Event: 5728.673 GC heap after
{Heap after GC invocations=104 (full 0):
 garbage-first heap   total 378880K, used 126779K [0x0000000080000000, 0x0000000100000000)
  region size 1024K, 5 young (5120K), 5 survivors (5120K)
 Metaspace       used 148819K, capacity 152421K, committed 152720K, reserved 1183744K
  class space    used 18211K, capacity 19494K, committed 19576K, reserved 1048576K
}
Event: 5858.746 GC heap before
{Heap before GC invocations=105 (full 0):
 garbage-first heap   total 378880K, used 262971K [0x0000000080000000, 0x0000000100000000)
  region size 1024K, 115 young (117760K), 5 survivors (5120K)
 Metaspace       used 148343K, capacity 151541K, committed 152720K, reserved 1183744K
  class space    used 18065K, capacity 19211K, committed 19576K, reserved 1048576K
}
Event: 5858.782 GC heap after
{Heap after GC invocations=106 (full 0):
 garbage-first heap   total 378880K, used 128953K [0x0000000080000000, 0x0000000100000000)
  region size 1024K, 7 young (7168K), 7 survivors (7168K)
 Metaspace       used 148343K, capacity 151541K, committed 152720K, reserved 1183744K
  class space    used 18065K, capacity 19211K, committed 19576K, reserved 1048576K
}
Event: 5858.936 GC heap before
{Heap before GC invocations=106 (full 0):
 garbage-first heap   total 378880K, used 139193K [0x0000000080000000, 0x0000000100000000)
  region size 1024K, 18 young (18432K), 7 survivors (7168K)
 Metaspace       used 148360K, capacity 151568K, committed 152720K, reserved 1183744K
  class space    used 18070K, capacity 19220K, committed 19576K, reserved 1048576K
}
Event: 5858.985 GC heap after
{Heap after GC invocations=107 (full 0):
 garbage-first heap   total 378880K, used 120150K [0x0000000080000000, 0x0000000100000000)
  region size 1024K, 1 young (1024K), 1 survivors (1024K)
 Metaspace       used 148360K, capacity 151568K, committed 152720K, reserved 1183744K
  class space    used 18070K, capacity 19220K, committed 19576K, reserved 1048576K
}
Event: 6358.071 GC heap before
{Heap before GC invocations=107 (full 0):
 garbage-first heap   total 378880K, used 212310K [0x0000000080000000, 0x0000000100000000)
  region size 1024K, 93 young (95232K), 1 survivors (1024K)
 Metaspace       used 148636K, capacity 151930K, committed 152976K, reserved 1183744K
  class space    used 18107K, capacity 19277K, committed 19576K, reserved 1048576K
}
Event: 6358.105 GC heap after
{Heap after GC invocations=108 (full 0):
 garbage-first heap   total 378880K, used 122038K [0x0000000080000000, 0x0000000100000000)
  region size 1024K, 3 young (3072K), 3 survivors (3072K)
 Metaspace       used 148636K, capacity 151930K, committed 152976K, reserved 1183744K
  class space    used 18107K, capacity 19277K, committed 19576K, reserved 1048576K
}

